5 GOSUB 500
10 REM CYBERPUNK MESSAGE GENERATOR
20 DIM V$(30),N$(30),C%(30,2)
30 READ P$
31 IF LEN(P$)>10 THEN PRINT"TOO LONG:";P$:STOP
35 IF P$<>"" THEN N$(MN)=P$:MN=MN+1:GOTO 30
40 READ P$
41 IF LEN(P$)>10 THEN PRINT"TOO LONG:";P$:STOP
45 IF P$<>"" THEN V$(MV)=P$:MV=MV+1:GOTO 40
50 READ FG,BG,BO
55 IF FG>=0 THEN C%(MC,0)=FG:C%(MC,1)=BG:C%(MC,2)=BO:MC=MC+1:GOTO 50
100 REM - MAIN LOOP -
105 PRINT ""
110 REM RANDOM COLOR
115 RC=INT(RND(0)*MC)
117 POKE 646,C%(RC,0)
118 POKE 53281,C%(RC,1)
119 POKE 53280,C%(RC,2)
120 P$=V$(RND(0)*MV):GOSUB 1500
125 P$=RIGHT$("       THE",3+INT(RND(0)*7)):GOSUB 1500
130 P$=N$(RND(0)*MN):GOSUB 1500
160 S=TI
169 REM -DELAY
170 IF TI < S+240 THEN 170
190 GOTO 100
500 REM -- SCREEN HEADLINER FROM COMPUTE MAGAZINE ---
505 PRINT"PLEASE WAIT A MOMENT"
510 T=0:FOR J=688 TO 703:READ K:T=T+K:POKE J,K:NEXT
520 IFT<>3078THENPRINT"ERROR IN DATA STATEMENTS":STOP
530 T=0:FORJ=828TO1006:READK:T=T+K:POKEJ,K:NEXT
540 IF T<>20306 THEN PRINT"ERROR IN 2ND BLOCK":STOP
550 POKE249,0:RETURN
688 DATA32,188,190,226,172,225,191,251
696 DATA 187,255,161,236,162,254,252,96
760 RETURN
828 DATA 169, 208, 133,4, 173, 24
834 DATA 208, 41, 2, 240,4,169
840 DATA 216, 133, 4, 169,0,162
846 DATA 3,6,250,42,202,208
852 DATA 250, 24, 101, 4, 133, 4
858 DATA 165, 250, 133, 3, 173, 14
864 DATA 220, 41, 254, 141, 14, 220
870 DATA 165,1, 41, 251, 133, 1
876 DATA 169, 0, 133, 250, 169, 5
882 DATA 133, 2, 160, 0, 177, 3
888 DATA 133, 5, 230, 3, 177, 3
894 DATA 133,6,230,3,198,2
900 DATA 240, 28, 162, 4, 169, 0
906 DATA 6, 6, 42, 6, 6, 42
912 DATA 6, 5, 42, 6, 5, 42
918 DATA 164, 250, 153, 48, 2, 230
924 DATA 250, 202, 208, 232, 240, 210
930 DATA 165,1,9,4,133,1
936 DATA 173,14,220,9,1,141
942 DATA 14,220,160,0,166,249
948 DATA 240,8,169,29, 32,210
954 DATA 255,202,208,250,169, 4
960 DATA 133,6,185,48, 2,170
966 DATA 189,176,2,133, 5,41
972 DATA 64,240,5,169, 18,32
978 DATA 210,255,165, 5,41,191
984 DATA 32,210,255,169,146,32
990 DATA 210,255,200, 198,6,208
996 DATA 221,169,13,32, 210,255
1002 DATA 192,16,208, 196, 96
1500 REM -- PRINT P$ LARGE --
1522 IF C=32 THEN 1670
1550 IF P$="" THEN PRINT "BLANK":RETURN
1560 REM RANDOM CASE
1570 POKE 53272,21+2*(INT(RND(0)*2))
1600 FOR I=1 TO LEN(P$)
1610 POKE 249,(I-1)*4
1620 C=ASC(MID$(P$,I)) AND 63
1625 POKE 250,C
1630 REM SUPPRESS CR AT RIGHT EDGE
1640 POKE 998,-13 * (I<10)
1650 SYS 828
1660 PRINT "????";:REM UP 4 TIMES
1670 NEXT I
1680 PRINT "";
1900 RETURN
2000 REM ---- NONS ----
2010 DATA "CAPITALISM","TRUTH","LIES","WORLD","BLOCKCHAIN","PARADIGM"
2020 DATA "PATRIARCHY","NARRATIVE","GOVERNMENT","SOURCECODE","GENDER"
2030 DATA "1%","MARKET","SPACETIME"
2035 DATA "PRIVILEGE","MACHINE"
2036 DATA "PRIVACY","BORDER"
2040 DATA "":REM EOF
2100 REM VERBS
2110 DATA "DOWNLOAD","BLOCKCHAIN","SMASH","EAT","HACK","DEBATE","DISTRIBUTE"
2120 DATA "CENTRALIZE","TOPPLE","FIGHT","HAMMER","REPROGRAM","SUBVERT"
2130 DATA "WAKE","REINVENT","INVEST IN"
2135 DATA "HIDE FROM","SHORT SELL"
2140 DATA "":REM EOF
3000 REM --- COLOR ---
3010 DATA 14,6,14
3020 DATA 13,5,5
3030 DATA 5,0,0
3031 DATA 8,0,0
3040 DATA 1,2,2
3050 DATA 4,10,10
3060 DATA 2,7,7
3070 DATA 7,6,2
3080 DATA 1,0,0
3081 DATA 0,1,1
3090 DATA 14,15,15
3100 DATA -1,,
